<?xml version="1.0" encoding="UTF-8"?>
<testsuite name="com.jenkin.jenkin.JenkinApplicationTests" tests="1" skipped="0" failures="0" errors="0" timestamp="2020-12-21T16:18:22" hostname="Ajay" time="0.652">
  <properties/>
  <testcase name="contextLoads()" classname="com.jenkin.jenkin.JenkinApplicationTests" time="0.652"/>
  <system-out><![CDATA[21:48:19.907 [Test worker] DEBUG org.springframework.test.context.BootstrapUtils - Instantiating CacheAwareContextLoaderDelegate from class [org.springframework.test.context.cache.DefaultCacheAwareContextLoaderDelegate]
21:48:19.924 [Test worker] DEBUG org.springframework.test.context.BootstrapUtils - Instantiating BootstrapContext using constructor [public org.springframework.test.context.support.DefaultBootstrapContext(java.lang.Class,org.springframework.test.context.CacheAwareContextLoaderDelegate)]
21:48:19.971 [Test worker] DEBUG org.springframework.test.context.BootstrapUtils - Instantiating TestContextBootstrapper for test class [com.jenkin.jenkin.JenkinApplicationTests] from class [org.springframework.boot.test.context.SpringBootTestContextBootstrapper]
21:48:19.985 [Test worker] INFO org.springframework.boot.test.context.SpringBootTestContextBootstrapper - Neither @ContextConfiguration nor @ContextHierarchy found for test class [com.jenkin.jenkin.JenkinApplicationTests], using SpringBootContextLoader
21:48:19.990 [Test worker] DEBUG org.springframework.test.context.support.AbstractContextLoader - Did not detect default resource location for test class [com.jenkin.jenkin.JenkinApplicationTests]: class path resource [com/jenkin/jenkin/JenkinApplicationTests-context.xml] does not exist
21:48:19.991 [Test worker] DEBUG org.springframework.test.context.support.AbstractContextLoader - Did not detect default resource location for test class [com.jenkin.jenkin.JenkinApplicationTests]: class path resource [com/jenkin/jenkin/JenkinApplicationTestsContext.groovy] does not exist
21:48:19.991 [Test worker] INFO org.springframework.test.context.support.AbstractContextLoader - Could not detect default resource locations for test class [com.jenkin.jenkin.JenkinApplicationTests]: no resource found for suffixes {-context.xml, Context.groovy}.
21:48:19.992 [Test worker] INFO org.springframework.test.context.support.AnnotationConfigContextLoaderUtils - Could not detect default configuration classes for test class [com.jenkin.jenkin.JenkinApplicationTests]: JenkinApplicationTests does not declare any static, non-private, non-final, nested classes annotated with @Configuration.
21:48:20.070 [Test worker] DEBUG org.springframework.test.context.support.ActiveProfilesUtils - Could not find an 'annotation declaring class' for annotation type [org.springframework.test.context.ActiveProfiles] and class [com.jenkin.jenkin.JenkinApplicationTests]
21:48:20.172 [Test worker] DEBUG org.springframework.context.annotation.ClassPathScanningCandidateComponentProvider - Identified candidate component class: file [/home/ajay/jenkin/jenkin/build/classes/java/main/com/jenkin/jenkin/JenkinApplication.class]
21:48:20.174 [Test worker] INFO org.springframework.boot.test.context.SpringBootTestContextBootstrapper - Found @SpringBootConfiguration com.jenkin.jenkin.JenkinApplication for test class com.jenkin.jenkin.JenkinApplicationTests
21:48:20.292 [Test worker] DEBUG org.springframework.boot.test.context.SpringBootTestContextBootstrapper - @TestExecutionListeners is not present for class [com.jenkin.jenkin.JenkinApplicationTests]: using defaults.
21:48:20.293 [Test worker] INFO org.springframework.boot.test.context.SpringBootTestContextBootstrapper - Loaded default TestExecutionListener class names from location [META-INF/spring.factories]: [org.springframework.boot.test.autoconfigure.restdocs.RestDocsTestExecutionListener, org.springframework.boot.test.autoconfigure.web.client.MockRestServiceServerResetTestExecutionListener, org.springframework.boot.test.autoconfigure.web.servlet.MockMvcPrintOnlyOnFailureTestExecutionListener, org.springframework.boot.test.autoconfigure.web.servlet.WebDriverTestExecutionListener, org.springframework.boot.test.autoconfigure.webservices.client.MockWebServiceServerTestExecutionListener, org.springframework.boot.test.mock.mockito.MockitoTestExecutionListener, org.springframework.boot.test.mock.mockito.ResetMocksTestExecutionListener, org.springframework.test.context.web.ServletTestExecutionListener, org.springframework.test.context.support.DirtiesContextBeforeModesTestExecutionListener, org.springframework.test.context.support.DependencyInjectionTestExecutionListener, org.springframework.test.context.support.DirtiesContextTestExecutionListener, org.springframework.test.context.transaction.TransactionalTestExecutionListener, org.springframework.test.context.jdbc.SqlScriptsTestExecutionListener, org.springframework.test.context.event.EventPublishingTestExecutionListener]
21:48:20.311 [Test worker] DEBUG org.springframework.boot.test.context.SpringBootTestContextBootstrapper - Skipping candidate TestExecutionListener [org.springframework.test.context.transaction.TransactionalTestExecutionListener] due to a missing dependency. Specify custom listener classes or make the default listener classes and their required dependencies available. Offending class: [org/springframework/transaction/TransactionDefinition]
21:48:20.312 [Test worker] DEBUG org.springframework.boot.test.context.SpringBootTestContextBootstrapper - Skipping candidate TestExecutionListener [org.springframework.test.context.jdbc.SqlScriptsTestExecutionListener] due to a missing dependency. Specify custom listener classes or make the default listener classes and their required dependencies available. Offending class: [org/springframework/transaction/interceptor/TransactionAttribute]
21:48:20.313 [Test worker] INFO org.springframework.boot.test.context.SpringBootTestContextBootstrapper - Using TestExecutionListeners: [org.springframework.test.context.web.ServletTestExecutionListener@2fb4b32d, org.springframework.test.context.support.DirtiesContextBeforeModesTestExecutionListener@7ee05cd5, org.springframework.boot.test.mock.mockito.MockitoTestExecutionListener@901fffa, org.springframework.boot.test.autoconfigure.SpringBootDependencyInjectionTestExecutionListener@edf9a33, org.springframework.test.context.support.DirtiesContextTestExecutionListener@4f86d1e, org.springframework.test.context.event.EventPublishingTestExecutionListener@78029fa0, org.springframework.boot.test.autoconfigure.restdocs.RestDocsTestExecutionListener@7efa5175, org.springframework.boot.test.autoconfigure.web.client.MockRestServiceServerResetTestExecutionListener@c06429b, org.springframework.boot.test.autoconfigure.web.servlet.MockMvcPrintOnlyOnFailureTestExecutionListener@4b514e98, org.springframework.boot.test.autoconfigure.web.servlet.WebDriverTestExecutionListener@274237cd, org.springframework.boot.test.autoconfigure.webservices.client.MockWebServiceServerTestExecutionListener@b1fbba9, org.springframework.boot.test.mock.mockito.ResetMocksTestExecutionListener@353332cb]
21:48:20.318 [Test worker] DEBUG org.springframework.test.context.support.AbstractDirtiesContextTestExecutionListener - Before test class: context [DefaultTestContext@362e914d testClass = JenkinApplicationTests, testInstance = [null], testMethod = [null], testException = [null], mergedContextConfiguration = [WebMergedContextConfiguration@61296a12 testClass = JenkinApplicationTests, locations = '{}', classes = '{class com.jenkin.jenkin.JenkinApplication}', contextInitializerClasses = '[]', activeProfiles = '{}', propertySourceLocations = '{}', propertySourceProperties = '{org.springframework.boot.test.context.SpringBootTestContextBootstrapper=true}', contextCustomizers = set[org.springframework.boot.test.autoconfigure.actuate.metrics.MetricsExportContextCustomizerFactory$DisableMetricExportContextCustomizer@25ab842f, org.springframework.boot.test.autoconfigure.properties.PropertyMappingContextCustomizer@0, org.springframework.boot.test.autoconfigure.web.servlet.WebDriverContextCustomizerFactory$Customizer@4405fd6f, org.springframework.boot.test.context.filter.ExcludeFilterContextCustomizer@31d06a75, org.springframework.boot.test.json.DuplicateJsonObjectContextCustomizerFactory$DuplicateJsonObjectContextCustomizer@3f5eea8c, org.springframework.boot.test.mock.mockito.MockitoContextCustomizer@0, org.springframework.boot.test.web.client.TestRestTemplateContextCustomizer@663b44ea, org.springframework.boot.test.context.SpringBootTestArgs@1, org.springframework.boot.test.context.SpringBootTestWebEnvironment@1cbb1c1c], resourceBasePath = 'src/main/webapp', contextLoader = 'org.springframework.boot.test.context.SpringBootContextLoader', parent = [null]], attributes = map['org.springframework.test.context.web.ServletTestExecutionListener.activateListener' -> true]], class annotated with @DirtiesContext [false] with mode [null].
21:48:20.359 [Test worker] DEBUG org.springframework.test.context.support.TestPropertySourceUtils - Adding inlined properties to environment: {spring.jmx.enabled=false, org.springframework.boot.test.context.SpringBootTestContextBootstrapper=true}

  .   ____          _            __ _ _
 /\\ / ___'_ __ _ _(_)_ __  __ _ \ \ \ \
( ( )\___ | '_ | '_| | '_ \/ _` | \ \ \ \
 \\/  ___)| |_)| | | | | || (_| |  ) ) ) )
  '  |____| .__|_| |_|_| |_\__, | / / / /
 =========|_|==============|___/=/_/_/_/
 :: Spring Boot ::                (v2.4.1)

2020-12-21 21:48:20.743  INFO 16366 --- [    Test worker] c.jenkin.jenkin.JenkinApplicationTests   : Starting JenkinApplicationTests using Java 11.0.9 on Ajay with PID 16366 (started by ajay in /home/ajay/jenkin/jenkin)
2020-12-21 21:48:20.759  INFO 16366 --- [    Test worker] c.jenkin.jenkin.JenkinApplicationTests   : No active profile set, falling back to default profiles: default
2020-12-21 21:48:22.242  INFO 16366 --- [    Test worker] o.s.s.concurrent.ThreadPoolTaskExecutor  : Initializing ExecutorService 'applicationTaskExecutor'
2020-12-21 21:48:22.570  INFO 16366 --- [    Test worker] c.jenkin.jenkin.JenkinApplicationTests   : Started JenkinApplicationTests in 2.2 seconds (JVM running for 4.085)
]]></system-out>
  <system-err><![CDATA[]]></system-err>
</testsuite>
